Build started 29/10/2018 14:51:01.
     1>Project "C:\Users\romulo.ponciano\Desktop\workspace\SA\SA\SA.vcxproj" on node 2 (build target(s)).
     1>InitializeBuildStatus:
         Creating "Debug\SA.unsuccessfulbuild" because "AlwaysCreate" was specified.
       CustomBuild:
         All outputs are up-to-date.
       ClCompile:
         c:\Program Files (x86)\Microsoft Visual Studio 10.0\VC\bin\CL.exe /c /I.\GeneratedFiles /IC:\Qt\4.8.1\include /I.\GeneratedFiles\Debug /IC:\Qt\4.8.1\include\QtCore /IC:\Qt\4.8.1\include\QtGui /I.\ /Zi /nologo /W1 /WX- /Od /Oy- /D UNICODE /D WIN32 /D QT_LARGEFILE_SUPPORT /D QT_CORE_LIB /D QT_GUI_LIB /Gm- /EHsc /MDd /GS /fp:precise /Zc:wchar_t- /Zc:forScope /Fo"Debug\\" /Fd"Debug\vc100.pdb" /Gd /TP /analyze- /errorReport:prompt GeneratedFiles\Debug\moc_sa.cpp main.cpp sa.cpp
         moc_sa.cpp
         main.cpp
         sa.cpp
         Generating Code...
         All outputs are up-to-date.
       Link:
         c:\Program Files (x86)\Microsoft Visual Studio 10.0\VC\bin\link.exe /ERRORREPORT:PROMPT /OUT:"C:\Users\romulo.ponciano\Desktop\workspace\SA\\SA.exe" /NOLOGO /LIBPATH:C:\Qt\4.8.1\lib qtmaind.lib QtCored4.lib QtGuid4.lib kernel32.lib user32.lib gdi32.lib winspool.lib comdlg32.lib advapi32.lib shell32.lib ole32.lib oleaut32.lib uuid.lib odbc32.lib odbccp32.lib /MANIFEST /ManifestFile:"Debug\SA.exe.intermediate.manifest" /MANIFESTUAC:"level='asInvoker' uiAccess='false'" /DEBUG /PDB:"C:\Users\romulo.ponciano\Desktop\workspace\SA\SA.pdb" /SUBSYSTEM:WINDOWS /TLBID:1 /DYNAMICBASE /NXCOMPAT /IMPLIB:"C:\Users\romulo.ponciano\Desktop\workspace\SA\SA.lib" /MACHINE:X86 Debug\moc_sa.obj
         Debug\qrc_sa.obj
         Debug\main.obj
         Debug\sa.obj
         LINK : C:\Users\romulo.ponciano\Desktop\workspace\SA\\SA.exe not found or not built by the last incremental link; performing full link
         SA.vcxproj -> C:\Users\romulo.ponciano\Desktop\workspace\SA\SA.exe
       Manifest:
         C:\Program Files (x86)\Microsoft SDKs\Windows\v7.0A\bin\mt.exe /nologo /verbose /outputresource:"C:\Users\romulo.ponciano\Desktop\workspace\SA\\SA.exe;#1" /manifest Debug\SA.exe.intermediate.manifest
       FinalizeBuildStatus:
         Deleting file "Debug\SA.unsuccessfulbuild".
         Touching "Debug\SA.lastbuildstate".
     1>Done Building Project "C:\Users\romulo.ponciano\Desktop\workspace\SA\SA\SA.vcxproj" (build target(s)).

Build succeeded.

Time Elapsed 00:00:03.57
